gitlab-ci-multi-runner 1.3.3 (6220bd5) Using Docker executor with image build.interview-epam.com:5500/hit-test:latest ...
Pulling docker image build.interview-epam.com:5500/hit-test:latest ...
Running on runner-ee1cd2ea-project-25944-concurrent-0 via ECSC00104C72...
Fetching changes...
Removing .gradle/
Removing build/
Removing src/test/java/MathTestImprove.java
HEAD is now at 87450d6 asdada
Checking out 87450d63 as master...
$ curl -X POST -F token=TOKEN -F ref=REF_NAME https://git.epam.com/api/v3/projects/25944/trigger/builds
  % Total    % Received % Xferd  Average Speed   Time    Time     Time  Current
                                 Dload  Upload   Total   Spent    Left  Speed
  0     0    0     0    0     0      0      0 --:--:-- --:--:-- --:--:--     0100   272  100    27  100   245    620   5631 --:--:-- --:--:-- --:--:--  5697
{"message":"404 Not Found"}$ chmod +x gradlew
$ git clone https://gitlab.com/MortyMerr/private_tests.git $TEST_DIR/tests
Cloning into '/tests'...
$ cp -r $TEST_DIR/tests/. $TEST_DIR/builds/Igor_Drozdov1/gitlab-test-system/src/test/java
$ ./gradlew build
Downloading https://services.gradle.org/distributions/gradle-3.3-all.zip
.........................................................................................................................................................................................................................................................................................................................................................................................................................................................................................................................................................................................................................................................................................................................................................................................................................................................................................................................................................................................................................................................................................................................................................................................................................................................................................................................................................................................................................................................................................................................................................................................................................................................................................................................................................................................................................................................................................................................................................................................................................................................................................................................................................................................................................................................................................................................................................................................................................................................................................................................................................................................................................................................................................................................................................................................................................................................................................................................................................................................................................................................................................................................................................................................................................................................................................................................................................................................................................................................................................................................................................................................................................................................................................................................................................................................................................................................................................................................................................................................................................................................................................................................................................................................................................................................................................................................................................................................................................................................................................................................................................................................................................................................................................................................................................
Unzipping /root/.gradle/wrapper/dists/gradle-3.3-all/55gk2rcmfc6p2dg9u9ohc3hw9/gradle-3.3-all.zip to /root/.gradle/wrapper/dists/gradle-3.3-all/55gk2rcmfc6p2dg9u9ohc3hw9
Set executable permissions for: /root/.gradle/wrapper/dists/gradle-3.3-all/55gk2rcmfc6p2dg9u9ohc3hw9/gradle-3.3/bin/gradle
Starting a Gradle Daemon (subsequent builds will be faster)
:compileJava
:processResources UP-TO-DATE
:classes
:jar
:assemble
:compileTestJava
:processTestResources UP-TO-DATE
:testClasses
:test

MainTest > findMax FAILED
    java.lang.UnsupportedOperationException at MainTest.java:14

MainTest > findMin FAILED
    java.lang.UnsupportedOperationException at MainTest.java:19

MathTestImprove > findMax FAILED
    java.lang.IllegalArgumentException at MathTestImprove.java:42

MathTestImprove > findMin FAILED
    java.lang.IllegalArgumentException at MathTestImprove.java:42

4 tests completed, 4 failed
:test FAILED

FAILURE: Build failed with an exception.

* What went wrong:
Execution failed for task ':test'.
> There were failing tests. See the report at: file:///builds/Igor_Drozdov1/gitlab-test-system/build/reports/tests/test/index.html

* Try:
Run with --stacktrace option to get the stack trace. Run with --info or --debug option to get more log output.

BUILD FAILED

Total time: 9 mins 56.904 secs

ERROR: Build failed: exit code 1